[ 2014-09-01T09:31:43+08:00 ] 127.0.0.1 /
INFO: [ app_init ] --START--
INFO: Run Behavior\BuildLiteBehavior [ RunTime:0.000041s ]
INFO: [ app_init ] --END-- [ RunTime:0.003653s ]
INFO: [ app_begin ] --START--
INFO: Run Behavior\ReadHtmlCacheBehavior [ RunTime:0.018090s ]
INFO: [ app_begin ] --END-- [ RunTime:0.018229s ]
SQL: test.getCollection(fs.files) [ RunTime:0.000038s ]
NOTIC: [8] Undefined index: where E:\Source\PhpStorm\MyMongoDB\ThinkPHP\Library\Think\Db\Driver\Mongo.class.php 第 364 行.
NOTIC: [2] Invalid argument supplied for foreach() E:\Source\PhpStorm\MyMongoDB\ThinkPHP\Library\Think\Db\Driver\Mongo.class.php 第 645 行.
NOTIC: [8] Undefined index: field E:\Source\PhpStorm\MyMongoDB\ThinkPHP\Library\Think\Db\Driver\Mongo.class.php 第 365 行.
NOTIC: [8] Undefined index: order E:\Source\PhpStorm\MyMongoDB\ThinkPHP\Library\Think\Db\Driver\Mongo.class.php 第 376 行.
SQL: test.fs.files.find({}) [ RunTime:0.000076s ]

[ 2014-09-01T09:31:43+08:00 ] 127.0.0.1 /
INFO: [ app_init ] --START--
INFO: Run Behavior\BuildLiteBehavior [ RunTime:0.000026s ]
INFO: [ app_init ] --END-- [ RunTime:0.000373s ]
INFO: [ app_begin ] --START--
INFO: Run Behavior\ReadHtmlCacheBehavior [ RunTime:0.000419s ]
INFO: [ app_begin ] --END-- [ RunTime:0.000548s ]
SQL: test.getCollection(fs.files) [ RunTime:0.000032s ]
NOTIC: [8] Undefined index: where E:\Source\PhpStorm\MyMongoDB\ThinkPHP\Library\Think\Db\Driver\Mongo.class.php 第 364 行.
NOTIC: [2] Invalid argument supplied for foreach() E:\Source\PhpStorm\MyMongoDB\ThinkPHP\Library\Think\Db\Driver\Mongo.class.php 第 645 行.
NOTIC: [8] Undefined index: field E:\Source\PhpStorm\MyMongoDB\ThinkPHP\Library\Think\Db\Driver\Mongo.class.php 第 365 行.
NOTIC: [8] Undefined index: order E:\Source\PhpStorm\MyMongoDB\ThinkPHP\Library\Think\Db\Driver\Mongo.class.php 第 376 行.
SQL: test.fs.files.find({}) [ RunTime:0.000071s ]

[ 2014-09-01T09:31:44+08:00 ] 127.0.0.1 /
INFO: [ app_init ] --START--
INFO: Run Behavior\BuildLiteBehavior [ RunTime:0.000028s ]
INFO: [ app_init ] --END-- [ RunTime:0.000383s ]
INFO: [ app_begin ] --START--
INFO: Run Behavior\ReadHtmlCacheBehavior [ RunTime:0.000453s ]
INFO: [ app_begin ] --END-- [ RunTime:0.000572s ]
SQL: test.getCollection(fs.files) [ RunTime:0.000035s ]
NOTIC: [8] Undefined index: where E:\Source\PhpStorm\MyMongoDB\ThinkPHP\Library\Think\Db\Driver\Mongo.class.php 第 364 行.
NOTIC: [2] Invalid argument supplied for foreach() E:\Source\PhpStorm\MyMongoDB\ThinkPHP\Library\Think\Db\Driver\Mongo.class.php 第 645 行.
NOTIC: [8] Undefined index: field E:\Source\PhpStorm\MyMongoDB\ThinkPHP\Library\Think\Db\Driver\Mongo.class.php 第 365 行.
NOTIC: [8] Undefined index: order E:\Source\PhpStorm\MyMongoDB\ThinkPHP\Library\Think\Db\Driver\Mongo.class.php 第 376 行.
SQL: test.fs.files.find({}) [ RunTime:0.000075s ]

[ 2014-09-01T09:36:01+08:00 ] 127.0.0.1 /
INFO: [ app_init ] --START--
INFO: Run Behavior\BuildLiteBehavior [ RunTime:0.000026s ]
INFO: [ app_init ] --END-- [ RunTime:0.000399s ]
INFO: [ app_begin ] --START--
INFO: Run Behavior\ReadHtmlCacheBehavior [ RunTime:0.000517s ]
INFO: [ app_begin ] --END-- [ RunTime:0.000634s ]
SQL: test.getCollection(fs.files) [ RunTime:0.000038s ]
NOTIC: [8] Undefined index: where E:\Source\PhpStorm\MyMongoDB\ThinkPHP\Library\Think\Db\Driver\Mongo.class.php 第 364 行.
NOTIC: [2] Invalid argument supplied for foreach() E:\Source\PhpStorm\MyMongoDB\ThinkPHP\Library\Think\Db\Driver\Mongo.class.php 第 645 行.
NOTIC: [8] Undefined index: field E:\Source\PhpStorm\MyMongoDB\ThinkPHP\Library\Think\Db\Driver\Mongo.class.php 第 365 行.
NOTIC: [8] Undefined index: order E:\Source\PhpStorm\MyMongoDB\ThinkPHP\Library\Think\Db\Driver\Mongo.class.php 第 376 行.
SQL: test.fs.files.find({}) [ RunTime:0.000077s ]
ERR: error setting up file: foo.txt

[ 2014-09-01T09:36:02+08:00 ] 127.0.0.1 /
INFO: [ app_init ] --START--
INFO: Run Behavior\BuildLiteBehavior [ RunTime:0.000026s ]
INFO: [ app_init ] --END-- [ RunTime:0.000393s ]
INFO: [ app_begin ] --START--
INFO: Run Behavior\ReadHtmlCacheBehavior [ RunTime:0.000506s ]
INFO: [ app_begin ] --END-- [ RunTime:0.000619s ]
SQL: test.getCollection(fs.files) [ RunTime:0.000032s ]
NOTIC: [8] Undefined index: where E:\Source\PhpStorm\MyMongoDB\ThinkPHP\Library\Think\Db\Driver\Mongo.class.php 第 364 行.
NOTIC: [2] Invalid argument supplied for foreach() E:\Source\PhpStorm\MyMongoDB\ThinkPHP\Library\Think\Db\Driver\Mongo.class.php 第 645 行.
NOTIC: [8] Undefined index: field E:\Source\PhpStorm\MyMongoDB\ThinkPHP\Library\Think\Db\Driver\Mongo.class.php 第 365 行.
NOTIC: [8] Undefined index: order E:\Source\PhpStorm\MyMongoDB\ThinkPHP\Library\Think\Db\Driver\Mongo.class.php 第 376 行.
SQL: test.fs.files.find({}) [ RunTime:0.000072s ]
ERR: error setting up file: foo.txt

[ 2014-09-01T09:39:09+08:00 ] 127.0.0.1 /
INFO: [ app_init ] --START--
INFO: Run Behavior\BuildLiteBehavior [ RunTime:0.000024s ]
INFO: [ app_init ] --END-- [ RunTime:0.000391s ]
INFO: [ app_begin ] --START--
INFO: Run Behavior\ReadHtmlCacheBehavior [ RunTime:0.000517s ]
INFO: [ app_begin ] --END-- [ RunTime:0.000634s ]
SQL: test.getCollection(fs.files) [ RunTime:0.000036s ]
NOTIC: [8] Undefined index: where E:\Source\PhpStorm\MyMongoDB\ThinkPHP\Library\Think\Db\Driver\Mongo.class.php 第 364 行.
NOTIC: [2] Invalid argument supplied for foreach() E:\Source\PhpStorm\MyMongoDB\ThinkPHP\Library\Think\Db\Driver\Mongo.class.php 第 645 行.
NOTIC: [8] Undefined index: field E:\Source\PhpStorm\MyMongoDB\ThinkPHP\Library\Think\Db\Driver\Mongo.class.php 第 365 行.
NOTIC: [8] Undefined index: order E:\Source\PhpStorm\MyMongoDB\ThinkPHP\Library\Think\Db\Driver\Mongo.class.php 第 376 行.
SQL: test.fs.files.find({}) [ RunTime:0.000077s ]
ERR: error setting up file: ./Public/images/user/logo.png

[ 2014-09-01T11:22:28+08:00 ] 127.0.0.1 /?XDEBUG_SESSION_START=10619
INFO: [ app_init ] --START--
INFO: Run Behavior\BuildLiteBehavior [ RunTime:0.000109s ]
INFO: [ app_init ] --END-- [ RunTime:0.001175s ]
INFO: [ app_begin ] --START--
INFO: Run Behavior\ReadHtmlCacheBehavior [ RunTime:0.000645s ]
INFO: [ app_begin ] --END-- [ RunTime:0.000907s ]
SQL: test.getCollection(fs.files) [ RunTime:0.000077s ]
NOTIC: [8] Undefined index: where E:\Source\PhpStorm\MyMongoDB\ThinkPHP\Library\Think\Db\Driver\Mongo.class.php 第 364 行.
NOTIC: [2] Invalid argument supplied for foreach() E:\Source\PhpStorm\MyMongoDB\ThinkPHP\Library\Think\Db\Driver\Mongo.class.php 第 645 行.
NOTIC: [8] Undefined index: field E:\Source\PhpStorm\MyMongoDB\ThinkPHP\Library\Think\Db\Driver\Mongo.class.php 第 365 行.
NOTIC: [8] Undefined index: order E:\Source\PhpStorm\MyMongoDB\ThinkPHP\Library\Think\Db\Driver\Mongo.class.php 第 376 行.
SQL: test.fs.files.find({}) [ RunTime:0.000171s ]
ERR: error setting up file: ./Public/images/user/logo.png

[ 2014-09-01T11:25:10+08:00 ] 127.0.0.1 /?XDEBUG_SESSION_START=13554
INFO: [ app_init ] --START--
INFO: Run Behavior\BuildLiteBehavior [ RunTime:0.000087s ]
INFO: [ app_init ] --END-- [ RunTime:0.000781s ]
INFO: [ app_begin ] --START--
INFO: Run Behavior\ReadHtmlCacheBehavior [ RunTime:0.000560s ]
INFO: [ app_begin ] --END-- [ RunTime:0.000833s ]
SQL: test.getCollection(fs.files) [ RunTime:0.000073s ]
NOTIC: [8] Undefined index: where E:\Source\PhpStorm\MyMongoDB\ThinkPHP\Library\Think\Db\Driver\Mongo.class.php 第 364 行.
NOTIC: [2] Invalid argument supplied for foreach() E:\Source\PhpStorm\MyMongoDB\ThinkPHP\Library\Think\Db\Driver\Mongo.class.php 第 645 行.
NOTIC: [8] Undefined index: field E:\Source\PhpStorm\MyMongoDB\ThinkPHP\Library\Think\Db\Driver\Mongo.class.php 第 365 行.
NOTIC: [8] Undefined index: order E:\Source\PhpStorm\MyMongoDB\ThinkPHP\Library\Think\Db\Driver\Mongo.class.php 第 376 行.
SQL: test.fs.files.find({}) [ RunTime:0.000174s ]
ERR: error setting up file: ./Public/images/user/logo.png

[ 2014-09-01T11:25:57+08:00 ] 127.0.0.1 /?XDEBUG_SESSION_START=14978
INFO: [ app_init ] --START--
INFO: Run Behavior\BuildLiteBehavior [ RunTime:0.000068s ]
INFO: [ app_init ] --END-- [ RunTime:0.000635s ]
INFO: [ app_begin ] --START--
INFO: Run Behavior\ReadHtmlCacheBehavior [ RunTime:0.000661s ]
INFO: [ app_begin ] --END-- [ RunTime:0.000944s ]
SQL: test.getCollection(fs.files) [ RunTime:0.000069s ]
NOTIC: [8] Undefined index: where E:\Source\PhpStorm\MyMongoDB\ThinkPHP\Library\Think\Db\Driver\Mongo.class.php 第 364 行.
NOTIC: [2] Invalid argument supplied for foreach() E:\Source\PhpStorm\MyMongoDB\ThinkPHP\Library\Think\Db\Driver\Mongo.class.php 第 645 行.
NOTIC: [8] Undefined index: field E:\Source\PhpStorm\MyMongoDB\ThinkPHP\Library\Think\Db\Driver\Mongo.class.php 第 365 行.
NOTIC: [8] Undefined index: order E:\Source\PhpStorm\MyMongoDB\ThinkPHP\Library\Think\Db\Driver\Mongo.class.php 第 376 行.
SQL: test.fs.files.find({}) [ RunTime:0.000172s ]
ERR: error setting up file: logo.png

[ 2014-09-01T11:27:30+08:00 ] 127.0.0.1 /?XDEBUG_SESSION_START=19499
INFO: [ app_init ] --START--
INFO: Run Behavior\BuildLiteBehavior [ RunTime:0.000069s ]
INFO: [ app_init ] --END-- [ RunTime:0.000631s ]
INFO: [ app_begin ] --START--
INFO: Run Behavior\ReadHtmlCacheBehavior [ RunTime:0.000606s ]
INFO: [ app_begin ] --END-- [ RunTime:0.000928s ]
SQL: test.getCollection(fs.files) [ RunTime:0.000080s ]
NOTIC: [8] Undefined index: where E:\Source\PhpStorm\MyMongoDB\ThinkPHP\Library\Think\Db\Driver\Mongo.class.php 第 364 行.
NOTIC: [2] Invalid argument supplied for foreach() E:\Source\PhpStorm\MyMongoDB\ThinkPHP\Library\Think\Db\Driver\Mongo.class.php 第 645 行.
NOTIC: [8] Undefined index: field E:\Source\PhpStorm\MyMongoDB\ThinkPHP\Library\Think\Db\Driver\Mongo.class.php 第 365 行.
NOTIC: [8] Undefined index: order E:\Source\PhpStorm\MyMongoDB\ThinkPHP\Library\Think\Db\Driver\Mongo.class.php 第 376 行.
SQL: test.fs.files.find({}) [ RunTime:0.000174s ]
ERR: error setting up file: ./Public/images/user/logo.png

[ 2014-09-01T11:28:13+08:00 ] 127.0.0.1 /?XDEBUG_SESSION_START=18803
INFO: [ app_init ] --START--
INFO: Run Behavior\BuildLiteBehavior [ RunTime:0.000071s ]
INFO: [ app_init ] --END-- [ RunTime:0.000653s ]
INFO: [ app_begin ] --START--
INFO: Run Behavior\ReadHtmlCacheBehavior [ RunTime:0.000736s ]
INFO: [ app_begin ] --END-- [ RunTime:0.001021s ]
SQL: test.getCollection(fs.files) [ RunTime:0.000074s ]
NOTIC: [8] Undefined index: where E:\Source\PhpStorm\MyMongoDB\ThinkPHP\Library\Think\Db\Driver\Mongo.class.php 第 364 行.
NOTIC: [2] Invalid argument supplied for foreach() E:\Source\PhpStorm\MyMongoDB\ThinkPHP\Library\Think\Db\Driver\Mongo.class.php 第 645 行.
NOTIC: [8] Undefined index: field E:\Source\PhpStorm\MyMongoDB\ThinkPHP\Library\Think\Db\Driver\Mongo.class.php 第 365 行.
NOTIC: [8] Undefined index: order E:\Source\PhpStorm\MyMongoDB\ThinkPHP\Library\Think\Db\Driver\Mongo.class.php 第 376 行.
SQL: test.fs.files.find({}) [ RunTime:0.000167s ]
ERR: error setting up file: ./Public/images/foo.txt

[ 2014-09-01T11:31:36+08:00 ] 127.0.0.1 /?XDEBUG_SESSION_START=11397
INFO: [ app_init ] --START--
INFO: Run Behavior\BuildLiteBehavior [ RunTime:0.000074s ]
INFO: [ app_init ] --END-- [ RunTime:0.000765s ]
INFO: [ app_begin ] --START--
INFO: Run Behavior\ReadHtmlCacheBehavior [ RunTime:0.000826s ]
INFO: [ app_begin ] --END-- [ RunTime:0.001095s ]
SQL: test.getCollection(fs.files) [ RunTime:0.000068s ]
NOTIC: [8] Undefined index: where E:\Source\PhpStorm\MyMongoDB\ThinkPHP\Library\Think\Db\Driver\Mongo.class.php 第 364 行.
NOTIC: [2] Invalid argument supplied for foreach() E:\Source\PhpStorm\MyMongoDB\ThinkPHP\Library\Think\Db\Driver\Mongo.class.php 第 645 行.
NOTIC: [8] Undefined index: field E:\Source\PhpStorm\MyMongoDB\ThinkPHP\Library\Think\Db\Driver\Mongo.class.php 第 365 行.
NOTIC: [8] Undefined index: order E:\Source\PhpStorm\MyMongoDB\ThinkPHP\Library\Think\Db\Driver\Mongo.class.php 第 376 行.
SQL: test.fs.files.find({}) [ RunTime:0.000173s ]
NOTIC: [8] Undefined index: file xdebug://debug-eval 第 1 行.
ERR: error setting up file: ./Public/images/foo.txt

[ 2014-09-01T11:39:30+08:00 ] 127.0.0.1 /?XDEBUG_SESSION_START=19701
INFO: [ app_init ] --START--
INFO: Run Behavior\BuildLiteBehavior [ RunTime:0.000072s ]
INFO: [ app_init ] --END-- [ RunTime:0.000740s ]
INFO: [ app_begin ] --START--
INFO: Run Behavior\ReadHtmlCacheBehavior [ RunTime:0.000644s ]
INFO: [ app_begin ] --END-- [ RunTime:0.000905s ]
SQL: test.getCollection(fs.files) [ RunTime:0.000071s ]
NOTIC: [8] Undefined index: where E:\Source\PhpStorm\MyMongoDB\ThinkPHP\Library\Think\Db\Driver\Mongo.class.php 第 364 行.
NOTIC: [2] Invalid argument supplied for foreach() E:\Source\PhpStorm\MyMongoDB\ThinkPHP\Library\Think\Db\Driver\Mongo.class.php 第 645 行.
NOTIC: [8] Undefined index: field E:\Source\PhpStorm\MyMongoDB\ThinkPHP\Library\Think\Db\Driver\Mongo.class.php 第 365 行.
NOTIC: [8] Undefined index: order E:\Source\PhpStorm\MyMongoDB\ThinkPHP\Library\Think\Db\Driver\Mongo.class.php 第 376 行.
SQL: test.fs.files.find({}) [ RunTime:0.000170s ]

[ 2014-09-01T11:39:41+08:00 ] 127.0.0.1 /?XDEBUG_SESSION_START=13080
INFO: [ app_init ] --START--
INFO: Run Behavior\BuildLiteBehavior [ RunTime:0.000075s ]
INFO: [ app_init ] --END-- [ RunTime:0.000688s ]
INFO: [ app_begin ] --START--
INFO: Run Behavior\ReadHtmlCacheBehavior [ RunTime:0.000620s ]
INFO: [ app_begin ] --END-- [ RunTime:0.000879s ]
SQL: test.getCollection(fs.files) [ RunTime:0.000065s ]
NOTIC: [8] Undefined index: where E:\Source\PhpStorm\MyMongoDB\ThinkPHP\Library\Think\Db\Driver\Mongo.class.php 第 364 行.
NOTIC: [2] Invalid argument supplied for foreach() E:\Source\PhpStorm\MyMongoDB\ThinkPHP\Library\Think\Db\Driver\Mongo.class.php 第 645 行.
NOTIC: [8] Undefined index: field E:\Source\PhpStorm\MyMongoDB\ThinkPHP\Library\Think\Db\Driver\Mongo.class.php 第 365 行.
NOTIC: [8] Undefined index: order E:\Source\PhpStorm\MyMongoDB\ThinkPHP\Library\Think\Db\Driver\Mongo.class.php 第 376 行.
SQL: test.fs.files.find({}) [ RunTime:0.000166s ]
ERR: error setting up file: ./Public/images/foo.txt

[ 2014-09-01T11:43:38+08:00 ] 127.0.0.1 /?XDEBUG_SESSION_START=15546
INFO: [ app_init ] --START--
INFO: Run Behavior\BuildLiteBehavior [ RunTime:0.000071s ]
INFO: [ app_init ] --END-- [ RunTime:0.000693s ]
INFO: [ app_begin ] --START--
INFO: Run Behavior\ReadHtmlCacheBehavior [ RunTime:0.000647s ]
INFO: [ app_begin ] --END-- [ RunTime:0.000914s ]
SQL: test.getCollection(fs.files) [ RunTime:0.000080s ]
NOTIC: [8] Undefined index: where E:\Source\PhpStorm\MyMongoDB\ThinkPHP\Library\Think\Db\Driver\Mongo.class.php 第 364 行.
NOTIC: [2] Invalid argument supplied for foreach() E:\Source\PhpStorm\MyMongoDB\ThinkPHP\Library\Think\Db\Driver\Mongo.class.php 第 645 行.
NOTIC: [8] Undefined index: field E:\Source\PhpStorm\MyMongoDB\ThinkPHP\Library\Think\Db\Driver\Mongo.class.php 第 365 行.
NOTIC: [8] Undefined index: order E:\Source\PhpStorm\MyMongoDB\ThinkPHP\Library\Think\Db\Driver\Mongo.class.php 第 376 行.
SQL: test.fs.files.find({}) [ RunTime:0.000185s ]

[ 2014-09-01T11:43:52+08:00 ] 127.0.0.1 /?XDEBUG_SESSION_START=15546
INFO: [ app_init ] --START--
INFO: Run Behavior\BuildLiteBehavior [ RunTime:0.000106s ]
INFO: [ app_init ] --END-- [ RunTime:0.000814s ]
INFO: [ app_begin ] --START--
INFO: Run Behavior\ReadHtmlCacheBehavior [ RunTime:0.000582s ]
INFO: [ app_begin ] --END-- [ RunTime:0.000849s ]
SQL: test.getCollection(fs.files) [ RunTime:0.000067s ]
NOTIC: [8] Undefined index: where E:\Source\PhpStorm\MyMongoDB\ThinkPHP\Library\Think\Db\Driver\Mongo.class.php 第 364 行.
NOTIC: [2] Invalid argument supplied for foreach() E:\Source\PhpStorm\MyMongoDB\ThinkPHP\Library\Think\Db\Driver\Mongo.class.php 第 645 行.
NOTIC: [8] Undefined index: field E:\Source\PhpStorm\MyMongoDB\ThinkPHP\Library\Think\Db\Driver\Mongo.class.php 第 365 行.
NOTIC: [8] Undefined index: order E:\Source\PhpStorm\MyMongoDB\ThinkPHP\Library\Think\Db\Driver\Mongo.class.php 第 376 行.
SQL: test.fs.files.find({}) [ RunTime:0.000173s ]

[ 2014-09-01T11:50:50+08:00 ] 127.0.0.1 /?XDEBUG_SESSION_START=14898
INFO: [ app_init ] --START--
INFO: Run Behavior\BuildLiteBehavior [ RunTime:0.000070s ]
INFO: [ app_init ] --END-- [ RunTime:0.000920s ]
INFO: [ app_begin ] --START--
INFO: Run Behavior\ReadHtmlCacheBehavior [ RunTime:0.000688s ]
INFO: [ app_begin ] --END-- [ RunTime:0.000944s ]
SQL: test.getCollection(fs.files) [ RunTime:0.000073s ]
NOTIC: [8] Undefined index: where E:\Source\PhpStorm\MyMongoDB\ThinkPHP\Library\Think\Db\Driver\Mongo.class.php 第 364 行.
NOTIC: [2] Invalid argument supplied for foreach() E:\Source\PhpStorm\MyMongoDB\ThinkPHP\Library\Think\Db\Driver\Mongo.class.php 第 645 行.
NOTIC: [8] Undefined index: field E:\Source\PhpStorm\MyMongoDB\ThinkPHP\Library\Think\Db\Driver\Mongo.class.php 第 365 行.
NOTIC: [8] Undefined index: order E:\Source\PhpStorm\MyMongoDB\ThinkPHP\Library\Think\Db\Driver\Mongo.class.php 第 376 行.
SQL: test.fs.files.find({}) [ RunTime:0.000185s ]

[ 2014-09-01T12:23:30+08:00 ] 127.0.0.1 /?XDEBUG_SESSION_START=10612
INFO: [ app_init ] --START--
INFO: Run Behavior\BuildLiteBehavior [ RunTime:0.000070s ]
INFO: [ app_init ] --END-- [ RunTime:0.000695s ]
INFO: [ app_begin ] --START--
INFO: Run Behavior\ReadHtmlCacheBehavior [ RunTime:0.000770s ]
INFO: [ app_begin ] --END-- [ RunTime:0.001075s ]
SQL: test.getCollection(fs.files) [ RunTime:0.000067s ]
NOTIC: [8] Undefined index: where E:\Source\PhpStorm\MyMongoDB\ThinkPHP\Library\Think\Db\Driver\Mongo.class.php 第 364 行.
NOTIC: [2] Invalid argument supplied for foreach() E:\Source\PhpStorm\MyMongoDB\ThinkPHP\Library\Think\Db\Driver\Mongo.class.php 第 645 行.
NOTIC: [8] Undefined index: field E:\Source\PhpStorm\MyMongoDB\ThinkPHP\Library\Think\Db\Driver\Mongo.class.php 第 365 行.
NOTIC: [8] Undefined index: order E:\Source\PhpStorm\MyMongoDB\ThinkPHP\Library\Think\Db\Driver\Mongo.class.php 第 376 行.
SQL: test.fs.files.find({}) [ RunTime:0.000174s ]

[ 2014-09-01T12:24:00+08:00 ] 127.0.0.1 /?XDEBUG_SESSION_START=10612
INFO: [ app_init ] --START--
INFO: Run Behavior\BuildLiteBehavior [ RunTime:0.000063s ]
INFO: [ app_init ] --END-- [ RunTime:0.000655s ]
INFO: [ app_begin ] --START--
INFO: Run Behavior\ReadHtmlCacheBehavior [ RunTime:0.000632s ]
INFO: [ app_begin ] --END-- [ RunTime:0.000882s ]
SQL: test.getCollection(fs.files) [ RunTime:0.000065s ]
NOTIC: [8] Undefined index: where E:\Source\PhpStorm\MyMongoDB\ThinkPHP\Library\Think\Db\Driver\Mongo.class.php 第 364 行.
NOTIC: [2] Invalid argument supplied for foreach() E:\Source\PhpStorm\MyMongoDB\ThinkPHP\Library\Think\Db\Driver\Mongo.class.php 第 645 行.
NOTIC: [8] Undefined index: field E:\Source\PhpStorm\MyMongoDB\ThinkPHP\Library\Think\Db\Driver\Mongo.class.php 第 365 行.
NOTIC: [8] Undefined index: order E:\Source\PhpStorm\MyMongoDB\ThinkPHP\Library\Think\Db\Driver\Mongo.class.php 第 376 行.
SQL: test.fs.files.find({}) [ RunTime:0.000171s ]
NOTIC: [8] Undefined variable: gridfsFile E:\Source\PhpStorm\MyMongoDB\Application\Home\Controller\IndexController.class.php 第 26 行.
NOTIC: [8] Trying to get property of non-object E:\Source\PhpStorm\MyMongoDB\Application\Home\Controller\IndexController.class.php 第 26 行.

[ 2014-09-01T12:27:08+08:00 ] 127.0.0.1 /?XDEBUG_SESSION_START=19063
INFO: [ app_init ] --START--
INFO: Run Behavior\BuildLiteBehavior [ RunTime:0.000066s ]
INFO: [ app_init ] --END-- [ RunTime:0.000680s ]
INFO: [ app_begin ] --START--
INFO: Run Behavior\ReadHtmlCacheBehavior [ RunTime:0.000633s ]
INFO: [ app_begin ] --END-- [ RunTime:0.000888s ]
SQL: test.getCollection(fs.files) [ RunTime:0.000068s ]
NOTIC: [8] Undefined index: where E:\Source\PhpStorm\MyMongoDB\ThinkPHP\Library\Think\Db\Driver\Mongo.class.php 第 364 行.
NOTIC: [2] Invalid argument supplied for foreach() E:\Source\PhpStorm\MyMongoDB\ThinkPHP\Library\Think\Db\Driver\Mongo.class.php 第 645 行.
NOTIC: [8] Undefined index: field E:\Source\PhpStorm\MyMongoDB\ThinkPHP\Library\Think\Db\Driver\Mongo.class.php 第 365 行.
NOTIC: [8] Undefined index: order E:\Source\PhpStorm\MyMongoDB\ThinkPHP\Library\Think\Db\Driver\Mongo.class.php 第 376 行.
SQL: test.fs.files.find({}) [ RunTime:0.000166s ]

[ 2014-09-01T12:27:35+08:00 ] 127.0.0.1 /?XDEBUG_SESSION_START=10284
INFO: [ app_init ] --START--
INFO: Run Behavior\BuildLiteBehavior [ RunTime:0.000066s ]
INFO: [ app_init ] --END-- [ RunTime:0.000615s ]
INFO: [ app_begin ] --START--
INFO: Run Behavior\ReadHtmlCacheBehavior [ RunTime:0.001007s ]
INFO: [ app_begin ] --END-- [ RunTime:0.001277s ]
SQL: test.getCollection(fs.files) [ RunTime:0.000071s ]
NOTIC: [8] Undefined index: where E:\Source\PhpStorm\MyMongoDB\ThinkPHP\Library\Think\Db\Driver\Mongo.class.php 第 364 行.
NOTIC: [2] Invalid argument supplied for foreach() E:\Source\PhpStorm\MyMongoDB\ThinkPHP\Library\Think\Db\Driver\Mongo.class.php 第 645 行.
NOTIC: [8] Undefined index: field E:\Source\PhpStorm\MyMongoDB\ThinkPHP\Library\Think\Db\Driver\Mongo.class.php 第 365 行.
NOTIC: [8] Undefined index: order E:\Source\PhpStorm\MyMongoDB\ThinkPHP\Library\Think\Db\Driver\Mongo.class.php 第 376 行.
SQL: test.fs.files.find({}) [ RunTime:0.000170s ]

[ 2014-09-01T12:27:56+08:00 ] 127.0.0.1 /?XDEBUG_SESSION_START=11940
INFO: [ app_init ] --START--
INFO: Run Behavior\BuildLiteBehavior [ RunTime:0.000066s ]
INFO: [ app_init ] --END-- [ RunTime:0.000610s ]
INFO: [ app_begin ] --START--
INFO: Run Behavior\ReadHtmlCacheBehavior [ RunTime:0.000545s ]
INFO: [ app_begin ] --END-- [ RunTime:0.000809s ]
SQL: test.getCollection(fs.files) [ RunTime:0.000076s ]
NOTIC: [8] Undefined index: where E:\Source\PhpStorm\MyMongoDB\ThinkPHP\Library\Think\Db\Driver\Mongo.class.php 第 364 行.
NOTIC: [2] Invalid argument supplied for foreach() E:\Source\PhpStorm\MyMongoDB\ThinkPHP\Library\Think\Db\Driver\Mongo.class.php 第 645 行.
NOTIC: [8] Undefined index: field E:\Source\PhpStorm\MyMongoDB\ThinkPHP\Library\Think\Db\Driver\Mongo.class.php 第 365 行.
NOTIC: [8] Undefined index: order E:\Source\PhpStorm\MyMongoDB\ThinkPHP\Library\Think\Db\Driver\Mongo.class.php 第 376 行.
SQL: test.fs.files.find({}) [ RunTime:0.000173s ]

[ 2014-09-01T12:36:02+08:00 ] 127.0.0.1 /?XDEBUG_SESSION_START=12078
INFO: [ app_init ] --START--
INFO: Run Behavior\BuildLiteBehavior [ RunTime:0.000071s ]
INFO: [ app_init ] --END-- [ RunTime:0.000755s ]
INFO: [ app_begin ] --START--
INFO: Run Behavior\ReadHtmlCacheBehavior [ RunTime:0.001281s ]
INFO: [ app_begin ] --END-- [ RunTime:0.001846s ]
SQL: test.getCollection(fs.files) [ RunTime:0.000076s ]
NOTIC: [8] Undefined index: where E:\Source\PhpStorm\MyMongoDB\ThinkPHP\Library\Think\Db\Driver\Mongo.class.php 第 364 行.
NOTIC: [2] Invalid argument supplied for foreach() E:\Source\PhpStorm\MyMongoDB\ThinkPHP\Library\Think\Db\Driver\Mongo.class.php 第 645 行.
NOTIC: [8] Undefined index: field E:\Source\PhpStorm\MyMongoDB\ThinkPHP\Library\Think\Db\Driver\Mongo.class.php 第 365 行.
NOTIC: [8] Undefined index: order E:\Source\PhpStorm\MyMongoDB\ThinkPHP\Library\Think\Db\Driver\Mongo.class.php 第 376 行.
SQL: test.fs.files.find({}) [ RunTime:0.000175s ]
ERR: FilesystemIterator::__construct(C:\Users\lxd\Downloads\open.png,C:\Users\lxd\Downloads\open.png): 

[ 2014-09-01T12:39:54+08:00 ] 127.0.0.1 /?XDEBUG_SESSION_START=18470
INFO: [ app_init ] --START--
INFO: Run Behavior\BuildLiteBehavior [ RunTime:0.000070s ]
INFO: [ app_init ] --END-- [ RunTime:0.000682s ]
INFO: [ app_begin ] --START--
INFO: Run Behavior\ReadHtmlCacheBehavior [ RunTime:0.000710s ]
INFO: [ app_begin ] --END-- [ RunTime:0.000955s ]
SQL: test.getCollection(fs.files) [ RunTime:0.000068s ]
NOTIC: [8] Undefined index: where E:\Source\PhpStorm\MyMongoDB\ThinkPHP\Library\Think\Db\Driver\Mongo.class.php 第 364 行.
NOTIC: [2] Invalid argument supplied for foreach() E:\Source\PhpStorm\MyMongoDB\ThinkPHP\Library\Think\Db\Driver\Mongo.class.php 第 645 行.
NOTIC: [8] Undefined index: field E:\Source\PhpStorm\MyMongoDB\ThinkPHP\Library\Think\Db\Driver\Mongo.class.php 第 365 行.
NOTIC: [8] Undefined index: order E:\Source\PhpStorm\MyMongoDB\ThinkPHP\Library\Think\Db\Driver\Mongo.class.php 第 376 行.
SQL: test.fs.files.find({}) [ RunTime:0.000177s ]

[ 2014-09-01T13:02:06+08:00 ] 127.0.0.1 /?XDEBUG_SESSION_START=18470
INFO: [ app_init ] --START--
INFO: Run Behavior\BuildLiteBehavior [ RunTime:0.000061s ]
INFO: [ app_init ] --END-- [ RunTime:0.000617s ]
INFO: [ app_begin ] --START--
INFO: Run Behavior\ReadHtmlCacheBehavior [ RunTime:0.000814s ]
INFO: [ app_begin ] --END-- [ RunTime:0.001037s ]
INFO: [ view_parse ] --START--
INFO: [ template_filter ] --START--
INFO: Run Behavior\ContentReplaceBehavior [ RunTime:0.000245s ]
INFO: [ template_filter ] --END-- [ RunTime:0.000813s ]
NOTIC: [8] Undefined variable: username E:\Source\PhpStorm\MyMongoDB\Application\Runtime\Cache\Home\2a94b8bda04ff446dcedd42276fc99ee.php 第 7 行.
INFO: Run Behavior\ParseTemplateBehavior [ RunTime:0.104936s ]
INFO: [ view_parse ] --END-- [ RunTime:0.105323s ]
INFO: [ view_filter ] --START--
INFO: Run Behavior\WriteHtmlCacheBehavior [ RunTime:0.011775s ]
INFO: [ view_filter ] --END-- [ RunTime:0.012299s ]
INFO: [ app_end ] --START--
INFO: Run Behavior\ShowPageTraceBehavior [ RunTime:0.017924s ]
INFO: [ app_end ] --END-- [ RunTime:0.018448s ]

[ 2014-09-01T13:04:11+08:00 ] 127.0.0.1 /?XDEBUG_SESSION_START=18470
INFO: [ app_init ] --START--
INFO: Run Behavior\BuildLiteBehavior [ RunTime:0.000064s ]
INFO: [ app_init ] --END-- [ RunTime:0.000621s ]
INFO: [ app_begin ] --START--
INFO: Run Behavior\ReadHtmlCacheBehavior [ RunTime:0.000618s ]
INFO: [ app_begin ] --END-- [ RunTime:0.000869s ]
INFO: [ view_parse ] --START--
INFO: [ template_filter ] --START--
INFO: Run Behavior\ContentReplaceBehavior [ RunTime:0.000108s ]
INFO: [ template_filter ] --END-- [ RunTime:0.000351s ]
INFO: Run Behavior\ParseTemplateBehavior [ RunTime:0.009770s ]
INFO: [ view_parse ] --END-- [ RunTime:0.010017s ]
INFO: [ view_filter ] --START--
INFO: Run Behavior\WriteHtmlCacheBehavior [ RunTime:0.000406s ]
INFO: [ view_filter ] --END-- [ RunTime:0.000653s ]
INFO: [ app_end ] --START--
INFO: Run Behavior\ShowPageTraceBehavior [ RunTime:0.000643s ]
INFO: [ app_end ] --END-- [ RunTime:0.000875s ]

